<?xml version="1.0"?><coverage lines-covered="124" lines-valid="143" line-rate="0.7831576396461893" branches-covered="0" branches-valid="0" branch-rate="0" complexity="0" version="1.9" timestamp="1582248108"><sources><source>/mnt/c/Ubuntu/github/rust_webAssembly_study</source></sources><packages><package name="src/queue" line-rate="0.9523809523809523" branch-rate="0" complexity="0"><classes><class name="mod" filename="src/queue/mod.rs" line-rate="0.9523809523809523" branch-rate="0" complexity="0"><methods/><lines><line number="19" hits="1"/><line number="26" hits="1"/><line number="27" hits="1"/><line number="28" hits="1"/><line number="29" hits="1"/><line number="30" hits="1"/><line number="32" hits="1"/><line number="33" hits="2"/><line number="35" hits="2"/><line number="38" hits="1"/><line number="41" hits="1"/><line number="42" hits="1"/><line number="45" hits="1"/><line number="46" hits="2"/><line number="47" hits="2"/><line number="48" hits="2"/><line number="50" hits="2"/><line number="52" hits="1"/><line number="53" hits="1"/><line number="54" hits="1"/><line number="55" hits="2"/><line number="57" hits="0"/><line number="58" hits="1"/><line number="59" hits="1"/><line number="64" hits="1"/><line number="65" hits="1"/><line number="66" hits="0"/><line number="67" hits="0"/><line number="68" hits="2"/><line number="69" hits="1"/><line number="70" hits="1"/><line number="71" hits="1"/><line number="76" hits="1"/><line number="77" hits="1"/><line number="79" hits="2"/><line number="82" hits="1"/><line number="83" hits="1"/><line number="85" hits="2"/><line number="94" hits="2"/><line number="95" hits="1"/><line number="96" hits="1"/><line number="97" hits="1"/><line number="98" hits="1"/><line number="99" hits="1"/><line number="103" hits="2"/><line number="104" hits="1"/><line number="105" hits="1"/><line number="106" hits="1"/><line number="107" hits="1"/><line number="109" hits="1"/><line number="110" hits="1"/><line number="112" hits="1"/><line number="113" hits="1"/><line number="117" hits="2"/><line number="118" hits="1"/><line number="119" hits="1"/><line number="120" hits="1"/><line number="121" hits="1"/><line number="123" hits="1"/><line number="125" hits="1"/><line number="126" hits="1"/><line number="128" hits="1"/><line number="129" hits="1"/></lines></class></classes></package><package name="src/linked_node" line-rate="0.8571428571428571" branch-rate="0" complexity="0"><classes><class name="mod" filename="src/linked_node/mod.rs" line-rate="0.8571428571428571" branch-rate="0" complexity="0"><methods/><lines><line number="15" hits="1"/><line number="28" hits="2"/><line number="29" hits="1"/><line number="30" hits="1"/><line number="31" hits="1"/><line number="32" hits="0"/><line number="33" hits="1"/></lines></class></classes></package><package name="study/graphql_only/src" line-rate="0" branch-rate="0" complexity="0"><classes><class name="graphql_schema" filename="study/graphql_only/src/graphql_schema.rs" line-rate="0" branch-rate="0" complexity="0"><methods/><lines><line number="41" hits="0"/><line number="42" hits="0"/><line number="43" hits="0"/><line number="44" hits="0"/><line number="45" hits="0"/><line number="46" hits="0"/><line number="55" hits="0"/><line number="56" hits="0"/><line number="57" hits="0"/><line number="58" hits="0"/><line number="59" hits="0"/><line number="60" hits="0"/></lines></class></classes></package><package name="src" line-rate="0.9465648854961832" branch-rate="0" complexity="0"><classes><class name="main" filename="src/main.rs" line-rate="0" branch-rate="0" complexity="0"><methods/><lines><line number="8" hits="0"/></lines></class></classes></package><package name="src/linked_list" line-rate="1" branch-rate="0" complexity="0"><classes><class name="mod" filename="src/linked_list/mod.rs" line-rate="1" branch-rate="0" complexity="0"><methods/><lines><line number="11" hits="2"/><line number="12" hits="2"/><line number="15" hits="1"/><line number="16" hits="1"/><line number="19" hits="2"/><line number="20" hits="2"/><line number="21" hits="2"/><line number="23" hits="2"/><line number="27" hits="1"/><line number="28" hits="1"/><line number="29" hits="1"/><line number="30" hits="1"/><line number="31" hits="1"/><line number="32" hits="1"/><line number="35" hits="1"/><line number="45" hits="2"/><line number="46" hits="1"/><line number="47" hits="1"/><line number="51" hits="2"/><line number="52" hits="1"/><line number="53" hits="1"/><line number="55" hits="1"/><line number="57" hits="1"/><line number="58" hits="1"/><line number="59" hits="1"/></lines></class></classes></package><package name="src/stack" line-rate="0.9428571428571428" branch-rate="0" complexity="0"><classes><class name="mod" filename="src/stack/mod.rs" line-rate="0.9428571428571428" branch-rate="0" complexity="0"><methods/><lines><line number="13" hits="2"/><line number="17" hits="1"/><line number="18" hits="2"/><line number="19" hits="1"/><line number="20" hits="1"/><line number="24" hits="1"/><line number="25" hits="1"/><line number="26" hits="1"/><line number="27" hits="1"/><line number="28" hits="1"/><line number="29" hits="1"/><line number="34" hits="1"/><line number="35" hits="2"/><line number="36" hits="1"/><line number="37" hits="1"/><line number="47" hits="2"/><line number="48" hits="1"/><line number="50" hits="1"/><line number="51" hits="1"/><line number="57" hits="2"/><line number="58" hits="1"/><line number="60" hits="1"/><line number="62" hits="1"/><line number="63" hits="1"/><line number="64" hits="0"/><line number="67" hits="1"/><line number="68" hits="1"/><line number="74" hits="2"/><line number="75" hits="1"/><line number="77" hits="1"/><line number="79" hits="1"/><line number="80" hits="1"/><line number="81" hits="0"/><line number="84" hits="1"/><line number="85" hits="1"/></lines></class></classes></package></packages></coverage>